error: Oct-11-2022 22:46:42: 	404 ||  Not Found - URL: / -  Method: GET
error: Oct-11-2022 22:46:42: 	404 ||  Not Found - URL: /favicon.ico -  Method: GET
info: Oct-11-2022 22:46:59: 	Method: GET - URL: /actor - Successfully
info: Oct-11-2022 22:47:02: 	Method: GET - URL: /actor - Successfully
error: Oct-11-2022 22:47:16: 	Method: POST - URL: /actor - Message: must have required property 'last_name'
info: Oct-11-2022 22:48:33: 	Method: GET - URL: /actor - Successfully
error: Oct-11-2022 22:48:34: 	500 - Internal Server Error - getaddrinfo ENOTFOUND dasdas - URL: /actor - Method: GET
error: Oct-11-2022 22:49:02: 	404 ||  Not Found - URL: /dasda -  Method: GET
error: Oct-19-2022 22:21:25: 	400 - Internal Server Error - Unexpected token } in JSON at position 55 - URL: /register - Method: POST
error: Oct-19-2022 22:22:44: 	500 - Internal Server Error - bcrypt is not defined - URL: /users/register - Method: POST
error: Oct-19-2022 22:23:14: 	500 - Internal Server Error - bcrypt is not defined - URL: /users - Method: POST
error: Oct-19-2022 22:23:16: 	500 - Internal Server Error - bcrypt is not defined - URL: /users - Method: POST
error: Oct-19-2022 22:23:27: 	500 - Internal Server Error - bcrypt is not defined - URL: /users - Method: POST
error: Oct-19-2022 22:23:39: 	500 - Internal Server Error - bcrypt is not defined - URL: /users - Method: POST
error: Oct-19-2022 22:23:54: 	500 - Internal Server Error - bcrypt is not defined - URL: /users - Method: POST
error: Oct-19-2022 22:24:06: 	500 - Internal Server Error - bcrypt is not defined - URL: /users - Method: POST
error: Oct-19-2022 22:24:52: 	500 - Internal Server Error - getaddrinfo ENOTFOUND dasdas - URL: /users - Method: POST
error: Oct-19-2022 22:25:04: 	500 - Internal Server Error - getaddrinfo ENOTFOUND dasdas - URL: /users - Method: POST
error: Oct-19-2022 22:25:52: 	500 - Internal Server Error - getaddrinfo ENOTFOUND dasdas - URL: /users - Method: POST
error: Oct-19-2022 22:26:46: 	500 - Internal Server Error - getaddrinfo ENOTFOUND dasdas - URL: /users - Method: POST
error: Oct-19-2022 22:41:59: 	500 - Internal Server Error - update `users` set `rfToken` = 'qZHERGoI9NSzsHuiU7bHkDPWHKJ9FiQVp9Bqz5fCVUUKy7yNvGDcQJ8nU8hiOX2x4FNM3Xlepm7ROZ98' where `id` = 1 - Unknown column 'rfToken' in 'field list' - URL: /login - Method: POST
error: Oct-19-2022 22:42:33: 	500 - Internal Server Error - update `users` set `refreshToken` = 'tT8gSA6wEBYEy4bFV8RmUog6hLmYAaRDBNT5IyCXaWhtUalVy1FyqXOnj2dVLh16vhoL7Y9pPfWE8e2N' where `id` = 1 - Unknown column 'refreshToken' in 'field list' - URL: /login - Method: POST
info: Oct-19-2022 22:48:16: 	Method: POST - URL: /actor - Successfully
error: Oct-19-2022 22:48:17: 	500 - Internal Server Error - insert into `actor` (`active`, `address_id`, `email`, `first_name`, `last_name`, `store_id`) values (1, 5, 'MARY.SMITH@sakilacustomer.org', 'MARY testtttt', 'SMITH', 1) - Unknown column 'active' in 'field list' - URL: /actor - Method: POST
info: Oct-19-2022 22:50:45: 	Method: POST - URL: /actor - Successfully
error: Oct-19-2022 22:50:45: 	500 - Internal Server Error - insert into `actor` (`active`, `address_id`, `email`, `first_name`, `last_name`, `store_id`) values (1, 5, 'MARY.SMITH@sakilacustomer.org', 'MARY testtttt', 'SMITH', 1) - Unknown column 'active' in 'field list' - URL: /actor - Method: POST
info: Oct-19-2022 22:50:51: 	Method: POST - URL: /actor - Successfully
error: Oct-19-2022 22:50:51: 	500 - Internal Server Error - insert into `actor` (`active`, `address_id`, `email`, `first_name`, `last_name`, `store_id`) values (1, 5, 'MARY.SMITH@sakilacustomer.org', 'MARY testtttt', 'SMITH', 1) - Unknown column 'active' in 'field list' - URL: /actor - Method: POST
info: Oct-19-2022 22:50:56: 	Method: POST - URL: /actor - Successfully
error: Oct-19-2022 22:50:56: 	500 - Internal Server Error - insert into `actor` (`active`, `address_id`, `email`, `first_name`, `last_name`, `store_id`) values (1, 5, 'MARY.SMITH@sakilacustomer.org', 'MARY testtttt', 'SMITH', 1) - Unknown column 'active' in 'field list' - URL: /actor - Method: POST
info: Oct-19-2022 22:51:48: 	Method: GET - URL: /actor - Successfully
info: Oct-19-2022 22:51:52: 	Method: GET - URL: /actor - Successfully
info: Oct-19-2022 22:51:52: 	Method: GET - URL: /actor - Successfully
info: Oct-19-2022 22:51:53: 	Method: GET - URL: /actor - Successfully
info: Oct-19-2022 22:51:54: 	Method: GET - URL: /actor - Successfully
info: Oct-19-2022 22:51:54: 	Method: GET - URL: /actor - Successfully
info: Oct-19-2022 22:53:17: 	Method: GET - URL: /actor - Successfully
info: Oct-19-2022 22:53:22: 	Method: GET - URL: /actor - Successfully
info: Oct-19-2022 22:53:30: 	Method: GET - URL: /actor - Successfully
error: Oct-19-2022 23:03:38: 	404 ||  Not Found - URL: /login/refreshToken -  Method: GET
error: Oct-19-2022 23:03:44: 	404 ||  Not Found - URL: /login/refreshToken -  Method: GET
error: Oct-19-2022 23:03:55: 	404 ||  Not Found - URL: /login/refreshToken -  Method: GET
error: Oct-19-2022 23:04:08: 	404 ||  Not Found - URL: /login/refreshToken -  Method: GET
error: Oct-19-2022 23:04:20: 	404 ||  Not Found - URL: /login/refreshToken -  Method: GET
info: Oct-19-2022 23:08:22: 	Method: GET - URL: /actor - Successfully
error: Dec-21-2022 20:29:54: 	404 ||  Not Found - URL: /danhSachNguoiNhan/getFindByAccountNumber?accountNumber=0969060690 -  Method: GET
error: Dec-21-2022 20:30:26: 	404 ||  Not Found - URL: /danhSachNguoiNhan/getFindByAccountNumber?accountNumber=0969060690 -  Method: GET
error: Dec-21-2022 20:30:30: 	404 ||  Not Found - URL: /danhSachNguoiNhan/getFindByAccountNumber?accountNumber=0969060690 -  Method: GET
error: Dec-21-2022 20:30:38: 	404 ||  Not Found - URL: /danhSachNguoiNhan/getFindByAccountNumber?accountNumber=0969060690 -  Method: GET
error: Dec-21-2022 20:31:22: 	404 ||  Not Found - URL: /danhSachNguoiNhan/getFindByAccountNumber?accountNumber=0969060690 -  Method: GET
error: Dec-21-2022 20:31:32: 	404 ||  Not Found - URL: /danhSachNguoiNhan/getByAccountNumber?accountNumber=0969060690 -  Method: GET
error: Dec-21-2022 20:31:43: 	404 ||  Not Found - URL: /danhSachNguoiNhan/getByAccountNumber?accountNumber=0969060690 -  Method: GET
error: Dec-21-2022 20:31:58: 	404 ||  Not Found - URL: /danhSachNguoiNhan/getByAccountNumber?accountNumber=0969060690 -  Method: GET
error: Dec-21-2022 20:34:51: 	404 ||  Not Found - URL: /danhSachNguoiNhan/getByAccountNumber?accountNumber=0969060690 -  Method: GET
error: Dec-21-2022 20:37:28: 	404 ||  Not Found - URL: /danhSachNguoiNhan/getByAccountNumber?accountNumber=0969060690 -  Method: GET
error: Dec-21-2022 20:45:52: 	404 ||  Not Found - URL: /danhSachNguoiNhan/getByAccountNumber?accountNumber=0969060690 -  Method: GET
error: Dec-21-2022 20:47:45: 	404 ||  Not Found - URL: /danhSachNguoiNhan/getByAccountNumber?accountNumber=0969060690 -  Method: GET
error: Dec-21-2022 20:48:11: 	404 ||  Not Found - URL: /danhSachNguoiNhan/getByAccountNumber?accountNumber=0969060690 -  Method: [object Object]
error: Dec-21-2022 20:51:18: 	404 ||  Not Found - URL: /danhSachNguoiNhan/getByAccountNumber?accountNumber=0969060690 -  Method: [object Object]
error: Dec-21-2022 20:55:20: 	404 ||  Not Found - URL: /danhSachNguoiNhan/getByAccountNumber/0969060690 -  Method: [object Object]
info: Dec-21-2022 21:02:27: 	Method: PUT - URL: /danhSachNguoiNhan - Successfully
info: Dec-21-2022 21:03:18: 	Method: PUT - URL: /danhSachNguoiNhan - Successfully
info: Dec-21-2022 21:03:33: 	Method: PUT - URL: /danhSachNguoiNhan - Successfully
error: Dec-21-2022 21:06:45: 	404 ||  Not Found - URL: /danhSachNguoiNhan/Update/2 -  Method: [object Object]
info: Dec-21-2022 21:07:05: 	Method: PUT - URL: /danhSachNguoiNhan - Successfully
info: Dec-21-2022 21:11:28: 	Method: PUT - URL: /danhSachNguoiNhan - Successfully
info: Dec-21-2022 21:12:25: 	Method: POST - URL: /danhSachNguoiNhan - Successfully
info: Dec-21-2022 21:16:11: 	Method: POST - URL: /danhSachNguoiNhan - Successfully
error: Dec-21-2022 21:16:15: 	500 - Internal Server Error - insert into `danhSachNguoiNhan` (`create_at`, `loaiGiaoDich`, `maTaiKhoanNguoiChuyen`, `maTaiKhoanNguoiNhan`) values ('2022-12-05 15:57:20.000', 'LGD002', '0969060690', '0969060694') - Field 'maNganHang' doesn't have a default value - URL: /danhSachNguoiNhan/ - Method: POST
info: Dec-21-2022 21:18:56: 	Method: PUT - URL: /danhSachNguoiNhan - Successfully
info: Dec-21-2022 21:19:10: 	Method: PUT - URL: /danhSachNguoiNhan - Successfully
info: Dec-21-2022 21:20:37: 	Method: PUT - URL: /danhSachNguoiNhan - Successfully
info: Dec-21-2022 21:20:58: 	Method: PUT - URL: /danhSachNguoiNhan - Successfully
info: Dec-21-2022 21:21:11: 	Method: PUT - URL: /danhSachNguoiNhan - Successfully
info: Dec-21-2022 21:24:02: 	Method: PUT - URL: /danhSachNguoiNhan - Successfully
error: Dec-21-2022 21:25:13: 	400 - Internal Server Error - Unexpected token } in JSON at position 48 - URL: /danhSachNguoiNhan/ - Method: POST
info: Dec-21-2022 21:25:20: 	Method: POST - URL: /danhSachNguoiNhan - Successfully
info: Dec-21-2022 21:26:04: 	Method: POST - URL: /danhSachNguoiNhan - Successfully
info: Dec-21-2022 21:28:16: 	Method: POST - URL: /danhSachNguoiNhan - Successfully
error: Dec-21-2022 21:28:19: 	500 - Internal Server Error - insert into `danhSachNguoiNhan` (`create_at`, `loaiGiaoDich`, `maTaiKhoanNguoiChuyen`, `maTaiKhoanNguoiNhan`) values ('2022-12-05 15:57:20.000', 'LGD002', '0969060690', '0969060694') - Field 'maNganHang' doesn't have a default value - URL: /danhSachNguoiNhan/ - Method: POST
info: Dec-21-2022 21:29:02: 	Method: POST - URL: /danhSachNguoiNhan - Successfully
error: Dec-21-2022 21:29:24: 	404 ||  Not Found - URL: /danhSachNguoiNhan/deleteByID/ -  Method: [object Object]
info: Dec-21-2022 21:52:47: 	Method: POST - URL: /lichSuGiaoDich - Successfully
